<?xml version="1.0" encoding="UTF-8"?>
<!-- Generated by org.testng.reporters.JUnitXMLReporter -->
<testsuite ignored="2" hostname="LAPTOP-V3DV16BE" failures="0" tests="0" time="0.132" errors="0" timestamp="2023-11-24T02:59:06 EST">
  <testcase classname="testCases.TC_001_AccountRegistrationTest" name="test_account_Registration" time="0.0">
    <ignored/>
  </testcase> <!-- test_account_Registration -->
  <testcase classname="testCases.TC_002_LoginTest" name="test_login" time="0.0">
    <ignored/>
  </testcase> <!-- test_login -->
</testsuite>
