<?xml version="1.0" encoding="UTF-8"?>
<testng-results ignored="0" total="2" passed="2" failed="0" skipped="0">
  <reporter-output>
  </reporter-output>
  <suite started-at="2023-11-28T19:42:21 EST" name="Suite" finished-at="2023-11-28T19:42:29 EST" duration-ms="7799">
    <groups>
      <group name="Sanity, Master">
        <method signature="TC_002_LoginTest.test_login()[pri:0, instance:testCases.TC_002_LoginTest@47af7f3d]" name="test_login" class="testCases.TC_002_LoginTest"/>
      </group> <!-- Sanity, Master -->
      <group name="Regression, Master">
        <method signature="TC_001_AccountRegistrationTest.test_account_Registration()[pri:0, instance:testCases.TC_001_AccountRegistrationTest@5e0826e7]" name="test_account_Registration" class="testCases.TC_001_AccountRegistrationTest"/>
      </group> <!-- Regression, Master -->
    </groups>
    <test started-at="2023-11-28T19:42:21 EST" name="Test" finished-at="2023-11-28T19:42:29 EST" duration-ms="7799">
      <class name="testCases.TC_001_AccountRegistrationTest">
        <test-method is-config="true" signature="setup(java.lang.String)[pri:0, instance:testCases.TC_001_AccountRegistrationTest@5e0826e7]" started-at="2023-11-28T19:42:21 EST" name="setup" finished-at="2023-11-28T19:42:25 EST" duration-ms="3052" status="PASS">
          <params>
            <param index="0">
              <value>
                <![CDATA[chrome]]>
              </value>
            </param>
          </params>
          <reporter-output>
          </reporter-output>
        </test-method> <!-- setup -->
        <test-method signature="test_account_Registration()[pri:0, instance:testCases.TC_001_AccountRegistrationTest@5e0826e7]" started-at="2023-11-28T19:42:25 EST" name="test_account_Registration" finished-at="2023-11-28T19:42:27 EST" duration-ms="2722" status="PASS">
          <reporter-output>
          </reporter-output>
        </test-method> <!-- test_account_Registration -->
        <test-method is-config="true" signature="teardown()[pri:0, instance:testCases.TC_001_AccountRegistrationTest@5e0826e7]" started-at="2023-11-28T19:42:27 EST" name="teardown" finished-at="2023-11-28T19:42:27 EST" duration-ms="95" status="PASS">
          <reporter-output>
          </reporter-output>
        </test-method> <!-- teardown -->
      </class> <!-- testCases.TC_001_AccountRegistrationTest -->
      <class name="testCases.TC_002_LoginTest">
        <test-method is-config="true" signature="setup(java.lang.String)[pri:0, instance:testCases.TC_002_LoginTest@47af7f3d]" started-at="2023-11-28T19:42:27 EST" name="setup" finished-at="2023-11-28T19:42:29 EST" duration-ms="1255" status="PASS">
          <params>
            <param index="0">
              <value>
                <![CDATA[chrome]]>
              </value>
            </param>
          </params>
          <reporter-output>
          </reporter-output>
        </test-method> <!-- setup -->
        <test-method signature="test_login()[pri:0, instance:testCases.TC_002_LoginTest@47af7f3d]" started-at="2023-11-28T19:42:29 EST" name="test_login" finished-at="2023-11-28T19:42:29 EST" duration-ms="490" status="PASS">
          <reporter-output>
          </reporter-output>
        </test-method> <!-- test_login -->
        <test-method is-config="true" signature="teardown()[pri:0, instance:testCases.TC_002_LoginTest@47af7f3d]" started-at="2023-11-28T19:42:29 EST" name="teardown" finished-at="2023-11-28T19:42:29 EST" duration-ms="72" status="PASS">
          <reporter-output>
          </reporter-output>
        </test-method> <!-- teardown -->
      </class> <!-- testCases.TC_002_LoginTest -->
    </test> <!-- Test -->
  </suite> <!-- Suite -->
</testng-results>
